\BOOKMARK [0][-]{chapter.1}{Installation Steps For X-CTU}{}% 1
\BOOKMARK [1][-]{section.1.1}{What is X-CTU?}{chapter.1}% 2
\BOOKMARK [1][-]{section.1.2}{Steps for Installation.}{chapter.1}% 3
\BOOKMARK [2][-]{subsection.1.2.1}{Step 1}{section.1.2}% 4
\BOOKMARK [2][-]{subsection.1.2.2}{Step 2}{section.1.2}% 5
\BOOKMARK [2][-]{subsection.1.2.3}{Step 3}{section.1.2}% 6
\BOOKMARK [2][-]{subsection.1.2.4}{Step 4}{section.1.2}% 7
\BOOKMARK [2][-]{subsection.1.2.5}{Step 5}{section.1.2}% 8
\BOOKMARK [2][-]{subsection.1.2.6}{Step 6}{section.1.2}% 9
\BOOKMARK [2][-]{subsection.1.2.7}{Step 7}{section.1.2}% 10
\BOOKMARK [0][-]{chapter.2}{Unicast Mode}{}% 11
\BOOKMARK [1][-]{section.2.1}{Connecting the X-bee modules to the PC in Unicast mode}{chapter.2}% 12
\BOOKMARK [2][-]{subsection.2.1.1}{Step 1:Inserting XBEE in XBEE adaptor}{section.2.1}% 13
\BOOKMARK [2][-]{subsection.2.1.2}{Step 2:Connecting XBEE module to PC.}{section.2.1}% 14
\BOOKMARK [2][-]{subsection.2.1.3}{Step 3:Com port settings.}{section.2.1}% 15
\BOOKMARK [2][-]{subsection.2.1.4}{Step4: Launching X-CTU Software.}{section.2.1}% 16
\BOOKMARK [2][-]{subsection.2.1.5}{Step5: X-CTU window}{section.2.1}% 17
\BOOKMARK [2][-]{subsection.2.1.6}{Step6: Testing and Querying the Network by Serial number verification.}{section.2.1}% 18
\BOOKMARK [2][-]{subsection.2.1.7}{Step8: Launching two X-CTUs}{section.2.1}% 19
\BOOKMARK [2][-]{subsection.2.1.8}{Step9: Testing and Querying with serial number check.}{section.2.1}% 20
\BOOKMARK [2][-]{subsection.2.1.9}{Step10: Reading the module}{section.2.1}% 21
\BOOKMARK [2][-]{subsection.2.1.10}{Step11: Setting the network address}{section.2.1}% 22
\BOOKMARK [2][-]{subsection.2.1.11}{Step12: Writing the module}{section.2.1}% 23
\BOOKMARK [2][-]{subsection.2.1.12}{Step13: Verification of Unicast Network Configuration}{section.2.1}% 24
\BOOKMARK [2][-]{subsection.2.1.13}{conclusion}{section.2.1}% 25
\BOOKMARK [0][-]{chapter.3}{Broadcast}{}% 26
\BOOKMARK [1][-]{section.3.1}{What is Broadcast?}{chapter.3}% 27
\BOOKMARK [1][-]{section.3.2}{Steps to configuring Broadcast}{chapter.3}% 28
\BOOKMARK [2][-]{subsection.3.2.1}{Step 1: Connecting Zigbee to PC.}{section.3.2}% 29
\BOOKMARK [2][-]{subsection.3.2.2}{Step 2: Launching X-CTU Software.}{section.3.2}% 30
\BOOKMARK [2][-]{subsection.3.2.3}{Step 3: Testing and Querying the Network by Serial number verification.}{section.3.2}% 31
\BOOKMARK [2][-]{subsection.3.2.4}{Step 4: Reading the module.}{section.3.2}% 32
\BOOKMARK [2][-]{subsection.3.2.5}{Step 5: Setting the Network Address.}{section.3.2}% 33
\BOOKMARK [2][-]{subsection.3.2.6}{Step 6:Writing the module}{section.3.2}% 34
\BOOKMARK [2][-]{subsection.3.2.7}{Step 7: Verification of Broadcast Network Configuration.}{section.3.2}% 35
\BOOKMARK [2][-]{subsection.3.2.8}{conclusion}{section.3.2}% 36
\BOOKMARK [0][-]{chapter.4}{Multicast}{}% 37
\BOOKMARK [1][-]{section.4.1}{What is Multicast?}{chapter.4}% 38
\BOOKMARK [1][-]{section.4.2}{Steps to configuring Multicast}{chapter.4}% 39
\BOOKMARK [2][-]{subsection.4.2.1}{Step 1: Connecting Zigbee to PC.}{section.4.2}% 40
\BOOKMARK [2][-]{subsection.4.2.2}{Step 2: Launching X-CTU Software.}{section.4.2}% 41
\BOOKMARK [2][-]{subsection.4.2.3}{Step 3: Testing and Querying the Network by Serial number verification.}{section.4.2}% 42
\BOOKMARK [2][-]{subsection.4.2.4}{Step 4: Reading the module.}{section.4.2}% 43
\BOOKMARK [2][-]{subsection.4.2.5}{Step 5: Setting the Network Address.}{section.4.2}% 44
\BOOKMARK [2][-]{subsection.4.2.6}{Step 6:Writing the module}{section.4.2}% 45
\BOOKMARK [2][-]{subsection.4.2.7}{Step 7: Verification of Multicast Network Configuration.}{section.4.2}% 46
\BOOKMARK [2][-]{subsection.4.2.8}{conclusion}{section.4.2}% 47
\BOOKMARK [0][-]{chapter.5}{Ring Topology}{}% 48
\BOOKMARK [1][-]{section.5.1}{What is Ring Topology?}{chapter.5}% 49
\BOOKMARK [1][-]{section.5.2}{Steps to configuring Ring Topology}{chapter.5}% 50
\BOOKMARK [2][-]{subsection.5.2.1}{Step 1: Connecting Zigbee to PC.}{section.5.2}% 51
\BOOKMARK [2][-]{subsection.5.2.2}{Step 2: Launching X-CTU Software.}{section.5.2}% 52
\BOOKMARK [2][-]{subsection.5.2.3}{Step 3: Testing and Querying the Network by Serial number verification.}{section.5.2}% 53
\BOOKMARK [2][-]{subsection.5.2.4}{Step 4: Reading the module.}{section.5.2}% 54
\BOOKMARK [2][-]{subsection.5.2.5}{Step 5: Setting the Network Address.}{section.5.2}% 55
\BOOKMARK [2][-]{subsection.5.2.6}{Step 6:Writing the module}{section.5.2}% 56
\BOOKMARK [2][-]{subsection.5.2.7}{Step 7: Verification of Multicast Network Configuration.}{section.5.2}% 57
\BOOKMARK [2][-]{subsection.5.2.8}{conclusion}{section.5.2}% 58
\BOOKMARK [0][-]{chapter.6}{Co-ordinator and end user mode}{}% 59
\BOOKMARK [1][-]{section.6.1}{Steps to configure coordinator and end user}{chapter.6}% 60
\BOOKMARK [2][-]{subsection.6.1.1}{Step1: Follow the Steps from previous manuals.}{section.6.1}% 61
\BOOKMARK [2][-]{subsection.6.1.2}{Step 2: Configure Coordinator}{section.6.1}% 62
\BOOKMARK [2][-]{subsection.6.1.3}{Step 3: Configure End Device.}{section.6.1}% 63
\BOOKMARK [2][-]{subsection.6.1.4}{Step 4: First power up the coordinator then the end user}{section.6.1}% 64
\BOOKMARK [0][-]{chapter.7}{Transmitting Analog and Digital data}{}% 65
\BOOKMARK [1][-]{section.7.1}{Introduction}{chapter.7}% 66
\BOOKMARK [2][-]{subsection.7.1.1}{Agenda}{section.7.1}% 67
\BOOKMARK [1][-]{section.7.2}{Configuration of xbee in Digital mode:}{chapter.7}% 68
\BOOKMARK [2][-]{subsection.7.2.1}{Step 1 : Configuration of xbee modules in Unicast mode.}{section.7.2}% 69
\BOOKMARK [2][-]{subsection.7.2.2}{Step 2: API enable.}{section.7.2}% 70
\BOOKMARK [2][-]{subsection.7.2.3}{Step 3:DI Configuration.}{section.7.2}% 71
\BOOKMARK [2][-]{subsection.7.2.4}{Step 4: Sample Rate}{section.7.2}% 72
\BOOKMARK [2][-]{subsection.7.2.5}{Step 5: Hardware connections}{section.7.2}% 73
\BOOKMARK [2][-]{subsection.7.2.6}{Step 6: Show Hex}{section.7.2}% 74
\BOOKMARK [2][-]{subsection.7.2.7}{Step 7: Reading input HEX data}{section.7.2}% 75
\BOOKMARK [2][-]{subsection.7.2.8}{Step 8: Assessing the data for Digital configurations }{section.7.2}% 76
\BOOKMARK [1][-]{section.7.3}{Configuration of xbee in ADC mode:}{chapter.7}% 77
